0 info it worked if it ends with ok
1 verbose cli [ 'node', '/usr/local/bin/npm', 'run', 'test-jasmine' ]
2 info using npm@2.0.0-alpha-5
3 info using node@v0.10.30
4 verbose node symlink /usr/local/bin/node
5 verbose run-script [ 'pretest-jasmine', 'test-jasmine', 'posttest-jasmine' ]
6 info pretest-jasmine tsdemo@0.0.0
7 info test-jasmine tsdemo@0.0.0
8 verbose unsafe-perm in lifecycle true
9 info tsdemo@0.0.0 Failed to exec test-jasmine script
10 error tsdemo@0.0.0 test-jasmine: `./node_modules/jasmine/bin/jasmine.js`
10 error Exit status 8
11 error Failed at the tsdemo@0.0.0 test-jasmine script.
11 error This is most likely a problem with the tsdemo package,
11 error not with npm itself.
11 error Tell the author that this fails on your system:
11 error     ./node_modules/jasmine/bin/jasmine.js
11 error You can get their info via:
11 error     npm owner ls tsdemo
11 error There is likely additional logging output above.
12 error System Darwin 13.4.0
13 error command "node" "/usr/local/bin/npm" "run" "test-jasmine"
14 error cwd /Users/jee/Development/tsdemo
15 error node -v v0.10.30
16 error npm -v 2.0.0-alpha-5
17 error code ELIFECYCLE
18 verbose exit [ 1, true ]
